<?xml version="1.0" encoding="UTF-8"?>
<!-- Generated by org.testng.reporters.JUnitXMLReporter -->
<testsuite hostname="DESKTOP-DRG79RM" ignored="0" name="Test" tests="4" failures="0" timestamp="2022-12-15T10:04:54 IST" time="328.616" errors="0">
  <testcase name="createProductsWithVendorTest" time="35.92" classname="com.crm.products.CreateProductsWithVendorTest"/>
  <testcase name="createLeadsTest" time="30.657" classname="com.crm.leads.CreateLeadsTest"/>
  <testcase name="createOrganizationTest" time="54.315" classname="com.crm.organization.CreateOrganizationTest"/>
  <testcase name="createContactsWithOrganizationNameTest" time="45.085" classname="com.crm.contacts.CreateContactsWithOrganizationNameTest"/>
</testsuite> <!-- Test -->
