<?xml version="1.0" encoding="UTF-8"?>
<!-- Generated by org.testng.reporters.JUnitXMLReporter -->
<testsuite ignored="0" hostname="DESKTOP-SGFG3MN" failures="0" tests="4" name="Test1" time="0.071" errors="0" timestamp="2022-12-06T20:42:41 PST">
  <testcase classname="com.crm.testClassesPractice.TestNGPractice" name="test2" time="0.003"/>
  <testcase classname="com.crm.testClassesPractice.TestNGPractice" name="test2" time="0.003"/>
  <testcase classname="com.crm.testClassesPractice.TestNGPractice" name="test2" time="0.003"/>
  <testcase classname="com.crm.testClassesPractice.TestNGPractice" name="test2" time="0.003"/>
</testsuite> <!-- Test1 -->
